app/build/intermediates/manifest_merge_blame_file/debug/processDebugMainManifest/manifest-merger-blame-debug-report.txt
1<?xml version="1.0" encoding="utf-8"?>
2<manifest xmlns:android="http://schemas.android.com/apk/res/android"
3    package="com.duvijan.pranaapp"
4    android:versionCode="1"
5    android:versionName="1.0" >
6
7    <uses-sdk
8        android:minSdkVersion="23"
9        android:targetSdkVersion="34" />
10
11    <uses-permission android:name="android.permission.INTERNET" />
11-->[com.google.firebase:firebase-auth:22.1.2] AndroidManifest.xml:25:5-67
11-->[com.google.firebase:firebase-auth:22.1.2] AndroidManifest.xml:25:22-64
12    <uses-permission android:name="android.permission.ACCESS_NETWORK_STATE" />
12-->[com.google.firebase:firebase-auth:22.1.2] AndroidManifest.xml:26:5-79
12-->[com.google.firebase:firebase-auth:22.1.2] AndroidManifest.xml:26:22-76
13    <uses-permission android:name="android.permission.WAKE_LOCK" />
13-->[com.google.android.gms:play-services-measurement-api:21.3.0] AndroidManifest.xml:24:5-68
13-->[com.google.android.gms:play-services-measurement-api:21.3.0] AndroidManifest.xml:24:22-65
14    <uses-permission android:name="com.google.android.gms.permission.AD_ID" />
14-->[com.google.android.gms:play-services-measurement-api:21.3.0] AndroidManifest.xml:25:5-79
14-->[com.google.android.gms:play-services-measurement-api:21.3.0] AndroidManifest.xml:25:22-76
15    <uses-permission android:name="com.google.android.finsky.permission.BIND_GET_INSTALL_REFERRER_SERVICE" />
15-->[com.google.android.gms:play-services-measurement:21.3.0] AndroidManifest.xml:26:5-110
15-->[com.google.android.gms:play-services-measurement:21.3.0] AndroidManifest.xml:26:22-107
16    <uses-permission android:name="android.permission.RECEIVE_BOOT_COMPLETED" />
16-->[androidx.work:work-runtime:2.8.1] AndroidManifest.xml:25:5-81
16-->[androidx.work:work-runtime:2.8.1] AndroidManifest.xml:25:22-78
17    <uses-permission android:name="android.permission.FOREGROUND_SERVICE" />
17-->[androidx.work:work-runtime:2.8.1] AndroidManifest.xml:26:5-77
17-->[androidx.work:work-runtime:2.8.1] AndroidManifest.xml:26:22-74
18
19    <permission
19-->[androidx.core:core:1.16.0] AndroidManifest.xml:22:5-24:47
20        android:name="com.duvijan.pranaapp.DYNAMIC_RECEIVER_NOT_EXPORTED_PERMISSION"
20-->[androidx.core:core:1.16.0] AndroidManifest.xml:23:9-81
21        android:protectionLevel="signature" />
21-->[androidx.core:core:1.16.0] AndroidManifest.xml:24:9-44
22
23    <uses-permission android:name="com.duvijan.pranaapp.DYNAMIC_RECEIVER_NOT_EXPORTED_PERMISSION" />
23-->[androidx.core:core:1.16.0] AndroidManifest.xml:26:5-97
23-->[androidx.core:core:1.16.0] AndroidManifest.xml:26:22-94
24
25    <application
25-->src\main\AndroidManifest.xml:4:5-32:19
26        android:name="com.duvijan.pranaapp.PranaApplication"
26-->src\main\AndroidManifest.xml:5:9-41
27        android:allowBackup="true"
27-->src\main\AndroidManifest.xml:6:9-35
28        android:appComponentFactory="androidx.core.app.CoreComponentFactory"
28-->[androidx.core:core:1.16.0] AndroidManifest.xml:28:18-86
29        android:debuggable="true"
30        android:extractNativeLibs="false"
31        android:icon="@mipmap/ic_launcher"
31-->src\main\AndroidManifest.xml:7:9-43
32        android:label="@string/app_name"
32-->src\main\AndroidManifest.xml:8:9-41
33        android:roundIcon="@mipmap/ic_launcher_round"
33-->src\main\AndroidManifest.xml:9:9-54
34        android:supportsRtl="true"
34-->src\main\AndroidManifest.xml:10:9-35
35        android:testOnly="true"
36        android:theme="@style/Theme.PranaApp" >
36-->src\main\AndroidManifest.xml:11:9-46
37        <activity
37-->src\main\AndroidManifest.xml:13:9-21:20
38            android:name="com.duvijan.pranaapp.MainActivity"
38-->src\main\AndroidManifest.xml:14:13-41
39            android:exported="true"
39-->src\main\AndroidManifest.xml:15:13-36
40            android:theme="@style/Theme.PranaApp" >
40-->src\main\AndroidManifest.xml:16:13-50
41            <intent-filter>
41-->src\main\AndroidManifest.xml:17:13-20:29
42                <action android:name="android.intent.action.MAIN" />
42-->src\main\AndroidManifest.xml:18:17-69
42-->src\main\AndroidManifest.xml:18:25-66
43
44                <category android:name="android.intent.category.LAUNCHER" />
44-->src\main\AndroidManifest.xml:19:17-77
44-->src\main\AndroidManifest.xml:19:27-74
45            </intent-filter>
46        </activity>
47
48        <!-- WorkManager for Peace Movement notification -->
49        <provider
50            android:name="androidx.startup.InitializationProvider"
50-->src\main\AndroidManifest.xml:25:13-67
51            android:authorities="com.duvijan.pranaapp.androidx-startup"
51-->src\main\AndroidManifest.xml:26:13-68
52            android:exported="false" >
52-->src\main\AndroidManifest.xml:27:13-37
53            <meta-data
53-->src\main\AndroidManifest.xml:28:13-30:52
54                android:name="androidx.work.WorkManagerInitializer"
54-->src\main\AndroidManifest.xml:29:17-68
55                android:value="androidx.startup" />
55-->src\main\AndroidManifest.xml:30:17-49
56            <meta-data
56-->[androidx.emoji2:emoji2:1.3.0] AndroidManifest.xml:29:13-31:52
57                android:name="androidx.emoji2.text.EmojiCompatInitializer"
57-->[androidx.emoji2:emoji2:1.3.0] AndroidManifest.xml:30:17-75
58                android:value="androidx.startup" />
58-->[androidx.emoji2:emoji2:1.3.0] AndroidManifest.xml:31:17-49
59            <meta-data
59-->[androidx.lifecycle:lifecycle-process:2.9.0] AndroidManifest.xml:29:13-31:52
60                android:name="androidx.lifecycle.ProcessLifecycleInitializer"
60-->[androidx.lifecycle:lifecycle-process:2.9.0] AndroidManifest.xml:30:17-78
61                android:value="androidx.startup" />
61-->[androidx.lifecycle:lifecycle-process:2.9.0] AndroidManifest.xml:31:17-49
62            <meta-data
62-->[androidx.profileinstaller:profileinstaller:1.4.0] AndroidManifest.xml:29:13-31:52
63                android:name="androidx.profileinstaller.ProfileInstallerInitializer"
63-->[androidx.profileinstaller:profileinstaller:1.4.0] AndroidManifest.xml:30:17-85
64                android:value="androidx.startup" />
64-->[androidx.profileinstaller:profileinstaller:1.4.0] AndroidManifest.xml:31:17-49
65        </provider>
66
67        <activity
67-->[com.google.android.gms:play-services-auth:20.6.0] AndroidManifest.xml:23:9-27:75
68            android:name="com.google.android.gms.auth.api.signin.internal.SignInHubActivity"
68-->[com.google.android.gms:play-services-auth:20.6.0] AndroidManifest.xml:24:13-93
69            android:excludeFromRecents="true"
69-->[com.google.android.gms:play-services-auth:20.6.0] AndroidManifest.xml:25:13-46
70            android:exported="false"
70-->[com.google.android.gms:play-services-auth:20.6.0] AndroidManifest.xml:26:13-37
71            android:theme="@android:style/Theme.Translucent.NoTitleBar" />
71-->[com.google.android.gms:play-services-auth:20.6.0] AndroidManifest.xml:27:13-72
72        <!--
73            Service handling Google Sign-In user revocation. For apps that do not integrate with
74            Google Sign-In, this service will never be started.
75        -->
76        <service
76-->[com.google.android.gms:play-services-auth:20.6.0] AndroidManifest.xml:33:9-37:51
77            android:name="com.google.android.gms.auth.api.signin.RevocationBoundService"
77-->[com.google.android.gms:play-services-auth:20.6.0] AndroidManifest.xml:34:13-89
78            android:exported="true"
78-->[com.google.android.gms:play-services-auth:20.6.0] AndroidManifest.xml:35:13-36
79            android:permission="com.google.android.gms.auth.api.signin.permission.REVOCATION_NOTIFICATION"
79-->[com.google.android.gms:play-services-auth:20.6.0] AndroidManifest.xml:36:13-107
80            android:visibleToInstantApps="true" />
80-->[com.google.android.gms:play-services-auth:20.6.0] AndroidManifest.xml:37:13-48
81        <service
81-->[com.google.firebase:firebase-auth-ktx:22.1.2] AndroidManifest.xml:8:9-14:19
82            android:name="com.google.firebase.components.ComponentDiscoveryService"
82-->[com.google.firebase:firebase-auth-ktx:22.1.2] AndroidManifest.xml:9:13-84
83            android:directBootAware="true"
83-->[com.google.firebase:firebase-common:20.3.3] AndroidManifest.xml:34:13-43
84            android:exported="false" >
84-->[com.google.firebase:firebase-auth-ktx:22.1.2] AndroidManifest.xml:10:13-37
85            <meta-data
85-->[com.google.firebase:firebase-auth-ktx:22.1.2] AndroidManifest.xml:11:13-13:85
86                android:name="com.google.firebase.components:com.google.firebase.auth.ktx.FirebaseAuthKtxRegistrar"
86-->[com.google.firebase:firebase-auth-ktx:22.1.2] AndroidManifest.xml:12:17-116
87                android:value="com.google.firebase.components.ComponentRegistrar" />
87-->[com.google.firebase:firebase-auth-ktx:22.1.2] AndroidManifest.xml:13:17-82
88            <meta-data
88-->[com.google.firebase:firebase-auth:22.1.2] AndroidManifest.xml:69:13-71:85
89                android:name="com.google.firebase.components:com.google.firebase.auth.FirebaseAuthRegistrar"
89-->[com.google.firebase:firebase-auth:22.1.2] AndroidManifest.xml:70:17-109
90                android:value="com.google.firebase.components.ComponentRegistrar" />
90-->[com.google.firebase:firebase-auth:22.1.2] AndroidManifest.xml:71:17-82
91            <meta-data
91-->[com.google.firebase:firebase-firestore-ktx:24.8.1] AndroidManifest.xml:12:13-14:85
92                android:name="com.google.firebase.components:com.google.firebase.firestore.ktx.FirebaseFirestoreKtxRegistrar"
92-->[com.google.firebase:firebase-firestore-ktx:24.8.1] AndroidManifest.xml:13:17-126
93                android:value="com.google.firebase.components.ComponentRegistrar" />
93-->[com.google.firebase:firebase-firestore-ktx:24.8.1] AndroidManifest.xml:14:17-82
94            <meta-data
94-->[com.google.firebase:firebase-firestore:24.8.1] AndroidManifest.xml:17:13-19:85
95                android:name="com.google.firebase.components:com.google.firebase.firestore.FirestoreRegistrar"
95-->[com.google.firebase:firebase-firestore:24.8.1] AndroidManifest.xml:18:17-111
96                android:value="com.google.firebase.components.ComponentRegistrar" />
96-->[com.google.firebase:firebase-firestore:24.8.1] AndroidManifest.xml:19:17-82
97            <meta-data
97-->[com.google.firebase:firebase-analytics-ktx:21.3.0] AndroidManifest.xml:11:13-13:85
98                android:name="com.google.firebase.components:com.google.firebase.analytics.ktx.FirebaseAnalyticsKtxRegistrar"
98-->[com.google.firebase:firebase-analytics-ktx:21.3.0] AndroidManifest.xml:12:17-126
99                android:value="com.google.firebase.components.ComponentRegistrar" />
99-->[com.google.firebase:firebase-analytics-ktx:21.3.0] AndroidManifest.xml:13:17-82
100            <meta-data
100-->[com.google.firebase:firebase-common-ktx:20.3.3] AndroidManifest.xml:14:13-16:85
101                android:name="com.google.firebase.components:com.google.firebase.ktx.FirebaseCommonKtxRegistrar"
101-->[com.google.firebase:firebase-common-ktx:20.3.3] AndroidManifest.xml:15:17-113
102                android:value="com.google.firebase.components.ComponentRegistrar" />
102-->[com.google.firebase:firebase-common-ktx:20.3.3] AndroidManifest.xml:16:17-82
103            <meta-data
103-->[com.google.android.gms:play-services-measurement-api:21.3.0] AndroidManifest.xml:31:13-33:85
104                android:name="com.google.firebase.components:com.google.firebase.analytics.connector.internal.AnalyticsConnectorRegistrar"
104-->[com.google.android.gms:play-services-measurement-api:21.3.0] AndroidManifest.xml:32:17-139
105                android:value="com.google.firebase.components.ComponentRegistrar" />
105-->[com.google.android.gms:play-services-measurement-api:21.3.0] AndroidManifest.xml:33:17-82
106            <meta-data
106-->[com.google.firebase:firebase-installations:17.1.4] AndroidManifest.xml:15:13-17:85
107                android:name="com.google.firebase.components:com.google.firebase.installations.FirebaseInstallationsRegistrar"
107-->[com.google.firebase:firebase-installations:17.1.4] AndroidManifest.xml:16:17-127
108                android:value="com.google.firebase.components.ComponentRegistrar" />
108-->[com.google.firebase:firebase-installations:17.1.4] AndroidManifest.xml:17:17-82
109        </service>
110
111        <activity
111-->[com.google.firebase:firebase-auth:22.1.2] AndroidManifest.xml:29:9-46:20
112            android:name="com.google.firebase.auth.internal.GenericIdpActivity"
112-->[com.google.firebase:firebase-auth:22.1.2] AndroidManifest.xml:30:13-80
113            android:excludeFromRecents="true"
113-->[com.google.firebase:firebase-auth:22.1.2] AndroidManifest.xml:31:13-46
114            android:exported="true"
114-->[com.google.firebase:firebase-auth:22.1.2] AndroidManifest.xml:32:13-36
115            android:launchMode="singleTask"
115-->[com.google.firebase:firebase-auth:22.1.2] AndroidManifest.xml:33:13-44
116            android:theme="@android:style/Theme.Translucent.NoTitleBar" >
116-->[com.google.firebase:firebase-auth:22.1.2] AndroidManifest.xml:34:13-72
117            <intent-filter>
117-->[com.google.firebase:firebase-auth:22.1.2] AndroidManifest.xml:35:13-45:29
118                <action android:name="android.intent.action.VIEW" />
118-->[com.google.firebase:firebase-auth:22.1.2] AndroidManifest.xml:36:17-69
118-->[com.google.firebase:firebase-auth:22.1.2] AndroidManifest.xml:36:25-66
119
120                <category android:name="android.intent.category.DEFAULT" />
120-->[com.google.firebase:firebase-auth:22.1.2] AndroidManifest.xml:38:17-76
120-->[com.google.firebase:firebase-auth:22.1.2] AndroidManifest.xml:38:27-73
121                <category android:name="android.intent.category.BROWSABLE" />
121-->[com.google.firebase:firebase-auth:22.1.2] AndroidManifest.xml:39:17-78
121-->[com.google.firebase:firebase-auth:22.1.2] AndroidManifest.xml:39:27-75
122
123                <data
123-->[com.google.firebase:firebase-auth:22.1.2] AndroidManifest.xml:41:17-44:51
124                    android:host="firebase.auth"
124-->[com.google.firebase:firebase-auth:22.1.2] AndroidManifest.xml:42:21-49
125                    android:path="/"
125-->[com.google.firebase:firebase-auth:22.1.2] AndroidManifest.xml:43:21-37
126                    android:scheme="genericidp" />
126-->[com.google.firebase:firebase-auth:22.1.2] AndroidManifest.xml:44:21-48
127            </intent-filter>
128        </activity>
129        <activity
129-->[com.google.firebase:firebase-auth:22.1.2] AndroidManifest.xml:47:9-64:20
130            android:name="com.google.firebase.auth.internal.RecaptchaActivity"
130-->[com.google.firebase:firebase-auth:22.1.2] AndroidManifest.xml:48:13-79
131            android:excludeFromRecents="true"
131-->[com.google.firebase:firebase-auth:22.1.2] AndroidManifest.xml:49:13-46
132            android:exported="true"
132-->[com.google.firebase:firebase-auth:22.1.2] AndroidManifest.xml:50:13-36
133            android:launchMode="singleTask"
133-->[com.google.firebase:firebase-auth:22.1.2] AndroidManifest.xml:51:13-44
134            android:theme="@android:style/Theme.Translucent.NoTitleBar" >
134-->[com.google.firebase:firebase-auth:22.1.2] AndroidManifest.xml:52:13-72
135            <intent-filter>
135-->[com.google.firebase:firebase-auth:22.1.2] AndroidManifest.xml:53:13-63:29
136                <action android:name="android.intent.action.VIEW" />
136-->[com.google.firebase:firebase-auth:22.1.2] AndroidManifest.xml:36:17-69
136-->[com.google.firebase:firebase-auth:22.1.2] AndroidManifest.xml:36:25-66
137
138                <category android:name="android.intent.category.DEFAULT" />
138-->[com.google.firebase:firebase-auth:22.1.2] AndroidManifest.xml:38:17-76
138-->[com.google.firebase:firebase-auth:22.1.2] AndroidManifest.xml:38:27-73
139                <category android:name="android.intent.category.BROWSABLE" />
139-->[com.google.firebase:firebase-auth:22.1.2] AndroidManifest.xml:39:17-78
139-->[com.google.firebase:firebase-auth:22.1.2] AndroidManifest.xml:39:27-75
140
141                <data
141-->[com.google.firebase:firebase-auth:22.1.2] AndroidManifest.xml:41:17-44:51
142                    android:host="firebase.auth"
142-->[com.google.firebase:firebase-auth:22.1.2] AndroidManifest.xml:42:21-49
143                    android:path="/"
143-->[com.google.firebase:firebase-auth:22.1.2] AndroidManifest.xml:43:21-37
144                    android:scheme="recaptcha" />
144-->[com.google.firebase:firebase-auth:22.1.2] AndroidManifest.xml:44:21-48
145            </intent-filter>
146        </activity>
147        <activity
147-->[com.google.android.gms:play-services-base:18.0.1] AndroidManifest.xml:20:9-22:45
148            android:name="com.google.android.gms.common.api.GoogleApiActivity"
148-->[com.google.android.gms:play-services-base:18.0.1] AndroidManifest.xml:20:19-85
149            android:exported="false"
149-->[com.google.android.gms:play-services-base:18.0.1] AndroidManifest.xml:22:19-43
150            android:theme="@android:style/Theme.Translucent.NoTitleBar" />
150-->[com.google.android.gms:play-services-base:18.0.1] AndroidManifest.xml:21:19-78
151
152        <provider
152-->[com.google.firebase:firebase-common:20.3.3] AndroidManifest.xml:25:9-30:39
153            android:name="com.google.firebase.provider.FirebaseInitProvider"
153-->[com.google.firebase:firebase-common:20.3.3] AndroidManifest.xml:26:13-77
154            android:authorities="com.duvijan.pranaapp.firebaseinitprovider"
154-->[com.google.firebase:firebase-common:20.3.3] AndroidManifest.xml:27:13-72
155            android:directBootAware="true"
155-->[com.google.firebase:firebase-common:20.3.3] AndroidManifest.xml:28:13-43
156            android:exported="false"
156-->[com.google.firebase:firebase-common:20.3.3] AndroidManifest.xml:29:13-37
157            android:initOrder="100" />
157-->[com.google.firebase:firebase-common:20.3.3] AndroidManifest.xml:30:13-36
158
159        <receiver
159-->[com.google.android.gms:play-services-measurement:21.3.0] AndroidManifest.xml:29:9-33:20
160            android:name="com.google.android.gms.measurement.AppMeasurementReceiver"
160-->[com.google.android.gms:play-services-measurement:21.3.0] AndroidManifest.xml:30:13-85
161            android:enabled="true"
161-->[com.google.android.gms:play-services-measurement:21.3.0] AndroidManifest.xml:31:13-35
162            android:exported="false" >
162-->[com.google.android.gms:play-services-measurement:21.3.0] AndroidManifest.xml:32:13-37
163        </receiver>
164
165        <service
165-->[com.google.android.gms:play-services-measurement:21.3.0] AndroidManifest.xml:35:9-38:40
166            android:name="com.google.android.gms.measurement.AppMeasurementService"
166-->[com.google.android.gms:play-services-measurement:21.3.0] AndroidManifest.xml:36:13-84
167            android:enabled="true"
167-->[com.google.android.gms:play-services-measurement:21.3.0] AndroidManifest.xml:37:13-35
168            android:exported="false" />
168-->[com.google.android.gms:play-services-measurement:21.3.0] AndroidManifest.xml:38:13-37
169        <service
169-->[com.google.android.gms:play-services-measurement:21.3.0] AndroidManifest.xml:39:9-43:72
170            android:name="com.google.android.gms.measurement.AppMeasurementJobService"
170-->[com.google.android.gms:play-services-measurement:21.3.0] AndroidManifest.xml:40:13-87
171            android:enabled="true"
171-->[com.google.android.gms:play-services-measurement:21.3.0] AndroidManifest.xml:41:13-35
172            android:exported="false"
172-->[com.google.android.gms:play-services-measurement:21.3.0] AndroidManifest.xml:42:13-37
173            android:permission="android.permission.BIND_JOB_SERVICE" />
173-->[com.google.android.gms:play-services-measurement:21.3.0] AndroidManifest.xml:43:13-69
174
175        <activity
175-->[androidx.compose.ui:ui-tooling-android:1.7.8] AndroidManifest.xml:23:9-25:39
176            android:name="androidx.compose.ui.tooling.PreviewActivity"
176-->[androidx.compose.ui:ui-tooling-android:1.7.8] AndroidManifest.xml:24:13-71
177            android:exported="true" />
177-->[androidx.compose.ui:ui-tooling-android:1.7.8] AndroidManifest.xml:25:13-36
178
179        <service
179-->[androidx.work:work-runtime:2.8.1] AndroidManifest.xml:39:9-45:35
180            android:name="androidx.work.impl.background.systemalarm.SystemAlarmService"
180-->[androidx.work:work-runtime:2.8.1] AndroidManifest.xml:40:13-88
181            android:directBootAware="false"
181-->[androidx.work:work-runtime:2.8.1] AndroidManifest.xml:41:13-44
182            android:enabled="@bool/enable_system_alarm_service_default"
182-->[androidx.work:work-runtime:2.8.1] AndroidManifest.xml:42:13-72
183            android:exported="false" />
183-->[androidx.work:work-runtime:2.8.1] AndroidManifest.xml:43:13-37
184        <service
184-->[androidx.work:work-runtime:2.8.1] AndroidManifest.xml:46:9-52:35
185            android:name="androidx.work.impl.background.systemjob.SystemJobService"
185-->[androidx.work:work-runtime:2.8.1] AndroidManifest.xml:47:13-84
186            android:directBootAware="false"
186-->[androidx.work:work-runtime:2.8.1] AndroidManifest.xml:48:13-44
187            android:enabled="@bool/enable_system_job_service_default"
187-->[androidx.work:work-runtime:2.8.1] AndroidManifest.xml:49:13-70
188            android:exported="true"
188-->[androidx.work:work-runtime:2.8.1] AndroidManifest.xml:50:13-36
189            android:permission="android.permission.BIND_JOB_SERVICE" />
189-->[androidx.work:work-runtime:2.8.1] AndroidManifest.xml:51:13-69
190        <service
190-->[androidx.work:work-runtime:2.8.1] AndroidManifest.xml:53:9-59:35
191            android:name="androidx.work.impl.foreground.SystemForegroundService"
191-->[androidx.work:work-runtime:2.8.1] AndroidManifest.xml:54:13-81
192            android:directBootAware="false"
192-->[androidx.work:work-runtime:2.8.1] AndroidManifest.xml:55:13-44
193            android:enabled="@bool/enable_system_foreground_service_default"
193-->[androidx.work:work-runtime:2.8.1] AndroidManifest.xml:56:13-77
194            android:exported="false" />
194-->[androidx.work:work-runtime:2.8.1] AndroidManifest.xml:57:13-37
195
196        <receiver
196-->[androidx.work:work-runtime:2.8.1] AndroidManifest.xml:61:9-66:35
197            android:name="androidx.work.impl.utils.ForceStopRunnable$BroadcastReceiver"
197-->[androidx.work:work-runtime:2.8.1] AndroidManifest.xml:62:13-88
198            android:directBootAware="false"
198-->[androidx.work:work-runtime:2.8.1] AndroidManifest.xml:63:13-44
199            android:enabled="true"
199-->[androidx.work:work-runtime:2.8.1] AndroidManifest.xml:64:13-35
200            android:exported="false" />
200-->[androidx.work:work-runtime:2.8.1] AndroidManifest.xml:65:13-37
201        <receiver
201-->[androidx.work:work-runtime:2.8.1] AndroidManifest.xml:67:9-77:20
202            android:name="androidx.work.impl.background.systemalarm.ConstraintProxy$BatteryChargingProxy"
202-->[androidx.work:work-runtime:2.8.1] AndroidManifest.xml:68:13-106
203            android:directBootAware="false"
203-->[androidx.work:work-runtime:2.8.1] AndroidManifest.xml:69:13-44
204            android:enabled="false"
204-->[androidx.work:work-runtime:2.8.1] AndroidManifest.xml:70:13-36
205            android:exported="false" >
205-->[androidx.work:work-runtime:2.8.1] AndroidManifest.xml:71:13-37
206            <intent-filter>
206-->[androidx.work:work-runtime:2.8.1] AndroidManifest.xml:73:13-76:29
207                <action android:name="android.intent.action.ACTION_POWER_CONNECTED" />
207-->[androidx.work:work-runtime:2.8.1] AndroidManifest.xml:74:17-87
207-->[androidx.work:work-runtime:2.8.1] AndroidManifest.xml:74:25-84
208                <action android:name="android.intent.action.ACTION_POWER_DISCONNECTED" />
208-->[androidx.work:work-runtime:2.8.1] AndroidManifest.xml:75:17-90
208-->[androidx.work:work-runtime:2.8.1] AndroidManifest.xml:75:25-87
209            </intent-filter>
210        </receiver>
211        <receiver
211-->[androidx.work:work-runtime:2.8.1] AndroidManifest.xml:78:9-88:20
212            android:name="androidx.work.impl.background.systemalarm.ConstraintProxy$BatteryNotLowProxy"
212-->[androidx.work:work-runtime:2.8.1] AndroidManifest.xml:79:13-104
213            android:directBootAware="false"
213-->[androidx.work:work-runtime:2.8.1] AndroidManifest.xml:80:13-44
214            android:enabled="false"
214-->[androidx.work:work-runtime:2.8.1] AndroidManifest.xml:81:13-36
215            android:exported="false" >
215-->[androidx.work:work-runtime:2.8.1] AndroidManifest.xml:82:13-37
216            <intent-filter>
216-->[androidx.work:work-runtime:2.8.1] AndroidManifest.xml:84:13-87:29
217                <action android:name="android.intent.action.BATTERY_OKAY" />
217-->[androidx.work:work-runtime:2.8.1] AndroidManifest.xml:85:17-77
217-->[androidx.work:work-runtime:2.8.1] AndroidManifest.xml:85:25-74
218                <action android:name="android.intent.action.BATTERY_LOW" />
218-->[androidx.work:work-runtime:2.8.1] AndroidManifest.xml:86:17-76
218-->[androidx.work:work-runtime:2.8.1] AndroidManifest.xml:86:25-73
219            </intent-filter>
220        </receiver>
221        <receiver
221-->[androidx.work:work-runtime:2.8.1] AndroidManifest.xml:89:9-99:20
222            android:name="androidx.work.impl.background.systemalarm.ConstraintProxy$StorageNotLowProxy"
222-->[androidx.work:work-runtime:2.8.1] AndroidManifest.xml:90:13-104
223            android:directBootAware="false"
223-->[androidx.work:work-runtime:2.8.1] AndroidManifest.xml:91:13-44
224            android:enabled="false"
224-->[androidx.work:work-runtime:2.8.1] AndroidManifest.xml:92:13-36
225            android:exported="false" >
225-->[androidx.work:work-runtime:2.8.1] AndroidManifest.xml:93:13-37
226            <intent-filter>
226-->[androidx.work:work-runtime:2.8.1] AndroidManifest.xml:95:13-98:29
227                <action android:name="android.intent.action.DEVICE_STORAGE_LOW" />
227-->[androidx.work:work-runtime:2.8.1] AndroidManifest.xml:96:17-83
227-->[androidx.work:work-runtime:2.8.1] AndroidManifest.xml:96:25-80
228                <action android:name="android.intent.action.DEVICE_STORAGE_OK" />
228-->[androidx.work:work-runtime:2.8.1] AndroidManifest.xml:97:17-82
228-->[androidx.work:work-runtime:2.8.1] AndroidManifest.xml:97:25-79
229            </intent-filter>
230        </receiver>
231        <receiver
231-->[androidx.work:work-runtime:2.8.1] AndroidManifest.xml:100:9-109:20
232            android:name="androidx.work.impl.background.systemalarm.ConstraintProxy$NetworkStateProxy"
232-->[androidx.work:work-runtime:2.8.1] AndroidManifest.xml:101:13-103
233            android:directBootAware="false"
233-->[androidx.work:work-runtime:2.8.1] AndroidManifest.xml:102:13-44
234            android:enabled="false"
234-->[androidx.work:work-runtime:2.8.1] AndroidManifest.xml:103:13-36
235            android:exported="false" >
235-->[androidx.work:work-runtime:2.8.1] AndroidManifest.xml:104:13-37
236            <intent-filter>
236-->[androidx.work:work-runtime:2.8.1] AndroidManifest.xml:106:13-108:29
237                <action android:name="android.net.conn.CONNECTIVITY_CHANGE" />
237-->[androidx.work:work-runtime:2.8.1] AndroidManifest.xml:107:17-79
237-->[androidx.work:work-runtime:2.8.1] AndroidManifest.xml:107:25-76
238            </intent-filter>
239        </receiver>
240        <receiver
240-->[androidx.work:work-runtime:2.8.1] AndroidManifest.xml:110:9-121:20
241            android:name="androidx.work.impl.background.systemalarm.RescheduleReceiver"
241-->[androidx.work:work-runtime:2.8.1] AndroidManifest.xml:111:13-88
242            android:directBootAware="false"
242-->[androidx.work:work-runtime:2.8.1] AndroidManifest.xml:112:13-44
243            android:enabled="false"
243-->[androidx.work:work-runtime:2.8.1] AndroidManifest.xml:113:13-36
244            android:exported="false" >
244-->[androidx.work:work-runtime:2.8.1] AndroidManifest.xml:114:13-37
245            <intent-filter>
245-->[androidx.work:work-runtime:2.8.1] AndroidManifest.xml:116:13-120:29
246                <action android:name="android.intent.action.BOOT_COMPLETED" />
246-->[androidx.work:work-runtime:2.8.1] AndroidManifest.xml:117:17-79
246-->[androidx.work:work-runtime:2.8.1] AndroidManifest.xml:117:25-76
247                <action android:name="android.intent.action.TIME_SET" />
247-->[androidx.work:work-runtime:2.8.1] AndroidManifest.xml:118:17-73
247-->[androidx.work:work-runtime:2.8.1] AndroidManifest.xml:118:25-70
248                <action android:name="android.intent.action.TIMEZONE_CHANGED" />
248-->[androidx.work:work-runtime:2.8.1] AndroidManifest.xml:119:17-81
248-->[androidx.work:work-runtime:2.8.1] AndroidManifest.xml:119:25-78
249            </intent-filter>
250        </receiver>
251        <receiver
251-->[androidx.work:work-runtime:2.8.1] AndroidManifest.xml:122:9-131:20
252            android:name="androidx.work.impl.background.systemalarm.ConstraintProxyUpdateReceiver"
252-->[androidx.work:work-runtime:2.8.1] AndroidManifest.xml:123:13-99
253            android:directBootAware="false"
253-->[androidx.work:work-runtime:2.8.1] AndroidManifest.xml:124:13-44
254            android:enabled="@bool/enable_system_alarm_service_default"
254-->[androidx.work:work-runtime:2.8.1] AndroidManifest.xml:125:13-72
255            android:exported="false" >
255-->[androidx.work:work-runtime:2.8.1] AndroidManifest.xml:126:13-37
256            <intent-filter>
256-->[androidx.work:work-runtime:2.8.1] AndroidManifest.xml:128:13-130:29
257                <action android:name="androidx.work.impl.background.systemalarm.UpdateProxies" />
257-->[androidx.work:work-runtime:2.8.1] AndroidManifest.xml:129:17-98
257-->[androidx.work:work-runtime:2.8.1] AndroidManifest.xml:129:25-95